{
  "0 debug pnpm:scope": {
    "selected": 1
  },
  "1 debug pnpm:package-manifest": {
    "initial": {
      "name": "query-tools",
      "version": "1.0.0",
      "description": "database query tools",
      "main": "index.js",
      "scripts": {
        "build": "rollup -c"
      },
      "repository": {
        "type": "git",
        "url": "git+https://github.com/yw0525/query-tools.git"
      },
      "keywords": [
        "database",
        "sql",
        "query",
        "typeorm",
        "rollup"
      ],
      "author": "月落",
      "license": "MIT",
      "bugs": {
        "url": "https://github.com/yw0525/query-tools/issues"
      },
      "homepage": "https://github.com/yw0525/query-tools#readme"
    },
    "prefix": "D:\\workspace_personal\\query-tools"
  },
  "2 debug pnpm:context": {
    "currentLockfileExists": false,
    "storeDir": "D:\\.pnpm-store\\v3",
    "virtualStoreDir": "D:\\workspace_personal\\query-tools\\node_modules\\.pnpm"
  },
  "3 debug pnpm:stage": {
    "prefix": "D:\\workspace_personal\\query-tools",
    "stage": "resolution_started"
  },
  "4 error pnpm": {
    "code": "ERR_PNPM_FETCH_404",
    "hint": "rollop-plugin-terser is not in the npm registry, or you have no permission to fetch it.\n\nAn authorization header was used: Bearer npm_[hidden]",
    "request": {
      "authHeaderValue": "Bearer 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",
      "url": "https://registry.npmjs.org/rollop-plugin-terser"
    },
    "response": {
      "size": 0
    },
    "pkgName": "rollop-plugin-terser",
    "pkgsStack": [],
    "err": {
      "name": "pnpm",
      "message": "GET https://registry.npmjs.org/rollop-plugin-terser: Not Found - 404",
      "code": "ERR_PNPM_FETCH_404",
      "stack": "pnpm: GET https://registry.npmjs.org/rollop-plugin-terser: Not Found - 404\n    at RetryOperation._fn (D:\\Install\\nvm\\v14.16.1\\node_modules\\pnpm\\dist\\pnpm.cjs:85815:19)\n    at processTicksAndRejections (internal/process/task_queues.js:93:5)"
    }
  }
}